#
# A fatal error has been detected by the Java Runtime Environment:
#
#  SIGSEGV (0xb) at pc=0x0000000113c4c2df, pid=8018, tid=0x0000000000013b07
#
# JRE version: Java(TM) SE Runtime Environment (8.0_161-b12) (build 1.8.0_161-b12)
# Java VM: Java HotSpot(TM) 64-Bit Server VM (25.161-b12 mixed mode bsd-amd64 compressed oops)
# Problematic frame:
# C  [libawt_lwawt.dylib+0x1c2df]  OGLSD_SetScratchSurface+0x49
#
# Failed to write core dump. Core dumps have been disabled. To enable core dumping, try "ulimit -c unlimited" before starting Java again
#
# If you would like to submit a bug report, please visit:
#   http://bugreport.java.com/bugreport/crash.jsp
# The crash happened outside the Java Virtual Machine in native code.
# See problematic frame for where to report the bug.
#

---------------  T H R E A D  ---------------

Current thread (0x00007fb42f91a000):  JavaThread "Java2D Queue Flusher" daemon [_thread_in_native, id=80647, stack(0x00007000111ea000,0x00007000112ea000)]

siginfo: si_signo: 11 (SIGSEGV), si_code: 1 (SEGV_MAPERR), si_addr: 0x0000000000000002

Registers:
RAX=0x00000000ffffffff, RBX=0x0000000000000002, RCX=0x0000000000000047, RDX=0x0000000113c6dd8c
RSP=0x00007000112e9730, RBP=0x00007000112e9750, RSI=0x00007fb433d59a10, RDI=0x00007fb42f91a1f8
R8 =0x0000000000000f0b, R9 =0xffffffff00000000, R10=0x0000000115645078, R11=0x000000011518db40
R12=0x0000000000000000, R13=0x00007000112e98e8, R14=0x00007fb42f91a1f8, R15=0x00007fb42f91a000
RIP=0x0000000113c4c2df, EFLAGS=0x0000000000010202, ERR=0x0000000000000004
  TRAPNO=0x000000000000000e

Top of Stack: (sp=0x00007000112e9730)
0x00007000112e9730:   00007fb433d59a10 0000000000000000
0x00007000112e9740:   00007fb42e23b010 00007fb42f91a000
0x00007000112e9750:   00007000112e97d0 0000000113c6d86a
0x00007000112e9760:   00007fb42df88b00 0000000200000001
0x00007000112e9770:   00007f0000000000 0000000000000000
0x00007000112e9780:   0000000000000000 0000000000000000
0x00007000112e9790:   00007000112e97d0 00007fb42e23b020
0x00007000112e97a0:   0000000000bab060 00007fb42f91a1f8
0x00007000112e97b0:   0000000194f25538 0000000000000000
0x00007000112e97c0:   00007000112e9968 00007fb42f91a000
0x00007000112e97d0:   00007000112e9820 00000001156450ea
0x00007000112e97e0:   00000006c4d1d528 000000010633b380
0x00007000112e97f0:   0000000000000064 0000000000000000
0x00007000112e9800:   0000000000000064 00007fb42df88658
0x00007000112e9810:   00007000112e9870 000000010615151e
0x00007000112e9820:   00007000112e9940 000000011564243c
0x00007000112e9830:   0000000000000001 00007fb42df89260
0x00007000112e9840:   00000006c4d1d600 00007fb42f91a000
0x00007000112e9850:   00007fb42f91a000 00000001106c5a00
0x00007000112e9860:   00007000112e9968 00007fb42f91a000
0x00007000112e9870:   00007000112e98c0 00000001153150a8
0x00007000112e9880:   00000006c4d1d528 00000001153126e6
0x00007000112e9890:   00007000112e9940 000000011518db9c
0x00007000112e98a0:   0000000126b40164 00007000112e98e8
0x00007000112e98b0:   0000000126b401e0 0000000000000000
0x00007000112e98c0:   00007000112e9940 0000000114ff52bd
0x00007000112e98d0:   00007000112e9940 0000000114ff52bd
0x00007000112e98e0:   0000000114ff52bd 00000006c4d1d528
0x00007000112e98f0:   0000000000000001 00000006c4d1d600
0x00007000112e9900:   00007000112e98f0 0000000110c9fc19
0x00007000112e9910:   00007000112e9968 0000000110c9ff70
0x00007000112e9920:   0000000000000000 0000000110c9fd20 

Instructions: (pc=0x0000000113c4c2df)
0x0000000113c4c2bf:   c0 e9 82 00 00 00 48 8b 5e 10 48 85 db 75 0e bf
0x0000000113c4c2cf:   01 00 00 00 48 8d 15 1e 95 03 00 eb d6 49 89 fe
0x0000000113c4c2df:   4c 8b 3b 30 c0 e8 a7 bc 02 00 49 8b 3f 49 89 c4
0x0000000113c4c2ef:   48 8b 35 f2 25 06 00 30 c0 e8 f5 bd 02 00 48 85 

Register to memory mapping:

RAX=0x00000000ffffffff is an unknown value
RBX=0x0000000000000002 is an unknown value
RCX=0x0000000000000047 is an unknown value
RDX=0x0000000113c6dd8c: Java_sun_java2d_opengl_OGLRenderQueue_flushBuffer+0xb5c in /Library/Java/JavaVirtualMachines/jdk1.8.0_161.jdk/Contents/Home/jre/lib/libawt_lwawt.dylib at 0x0000000113c30000
RSP=0x00007000112e9730 is pointing into the stack for thread: 0x00007fb42f91a000
RBP=0x00007000112e9750 is pointing into the stack for thread: 0x00007fb42f91a000
RSI=0x00007fb433d59a10 is an unknown value
RDI=0x00007fb42f91a1f8 is an unknown value
R8 =0x0000000000000f0b is an unknown value
R9 =0xffffffff00000000 is an unknown value
R10=0x0000000115645078 is at entry_point+56 in (nmethod*)0x0000000115644ed0
R11=0x000000011518db40 is at entry_point+0 in (nmethod*)0x000000011518d9d0
R12=0x0000000000000000 is an unknown value
R13=0x00007000112e98e8 is pointing into the stack for thread: 0x00007fb42f91a000
R14=0x00007fb42f91a1f8 is an unknown value
R15=0x00007fb42f91a000 is a thread


Stack: [0x00007000111ea000,0x00007000112ea000],  sp=0x00007000112e9730,  free space=1021k
Native frames: (J=compiled Java code, j=interpreted, Vv=VM code, C=native code)
C  [libawt_lwawt.dylib+0x1c2df]  OGLSD_SetScratchSurface+0x49
C  [libawt_lwawt.dylib+0x3d86a]  Java_sun_java2d_opengl_OGLRenderQueue_flushBuffer+0x63a
J 2149  sun.java2d.opengl.OGLRenderQueue.flushBuffer(JI)V (0 bytes) @ 0x00000001156450ea [0x0000000115645040+0xaa]
J 2127 C1 sun.java2d.opengl.OGLRenderQueue.flushBuffer()V (41 bytes) @ 0x000000011564243c [0x00000001156421e0+0x25c]
J 1718 C1 sun.java2d.opengl.OGLRenderQueue.access$100(Lsun/java2d/opengl/OGLRenderQueue;)V (5 bytes) @ 0x000000011518db9c [0x000000011518db40+0x5c]
j  sun.java2d.opengl.OGLRenderQueue$QueueFlusher.run()V+81
v  ~StubRoutines::call_stub
V  [libjvm.dylib+0x2ef9aa]
V  [libjvm.dylib+0x2f014e]
V  [libjvm.dylib+0x2f02fa]
V  [libjvm.dylib+0x34aae5]
V  [libjvm.dylib+0x56edef]
V  [libjvm.dylib+0x5704ea]
V  [libjvm.dylib+0x48d83a]
C  [libsystem_pthread.dylib+0x3661]  _pthread_body+0x154
C  [libsystem_pthread.dylib+0x350d]  _pthread_body+0x0
C  [libsystem_pthread.dylib+0x2bf9]  thread_start+0xd
C  0x0000000000000000

Java frames: (J=compiled Java code, j=interpreted, Vv=VM code)
J 2149  sun.java2d.opengl.OGLRenderQueue.flushBuffer(JI)V (0 bytes) @ 0x0000000115645078 [0x0000000115645040+0x38]
J 2127 C1 sun.java2d.opengl.OGLRenderQueue.flushBuffer()V (41 bytes) @ 0x000000011564243c [0x00000001156421e0+0x25c]
J 1718 C1 sun.java2d.opengl.OGLRenderQueue.access$100(Lsun/java2d/opengl/OGLRenderQueue;)V (5 bytes) @ 0x000000011518db9c [0x000000011518db40+0x5c]
j  sun.java2d.opengl.OGLRenderQueue$QueueFlusher.run()V+81
v  ~StubRoutines::call_stub

---------------  P R O C E S S  ---------------

Java Threads: ( => current thread )
  0x00007fb42f2d3000 JavaThread "Thread-4" [_thread_in_native, id=27911, stack(0x0000700011a85000,0x0000700011b85000)]
  0x00007fb42faa9800 JavaThread "Thread-3" [_thread_in_native, id=54283, stack(0x0000700011982000,0x0000700011a82000)]
  0x00007fb42e2e0800 JavaThread "TimerQueue" daemon [_thread_blocked, id=54059, stack(0x000070001187f000,0x000070001197f000)]
  0x00007fb42e001800 JavaThread "DestroyJavaVM" [_thread_blocked, id=5891, stack(0x000070000ffae000,0x00007000100ae000)]
  0x00007fb42e43d000 JavaThread "Thread-2" [_thread_in_native, id=74499, stack(0x000070001177c000,0x000070001187c000)]
  0x00007fb42f14f000 JavaThread "Thread-1" [_thread_blocked, id=75271, stack(0x0000700011679000,0x0000700011779000)]
  0x00007fb42f10b800 JavaThread "AWT-EventQueue-0" [_thread_blocked, id=51207, stack(0x00007000113f0000,0x00007000114f0000)]
  0x00007fb42f94a000 JavaThread "Java2D Disposer" daemon [_thread_blocked, id=50703, stack(0x00007000112ed000,0x00007000113ed000)]
=>0x00007fb42f91a000 JavaThread "Java2D Queue Flusher" daemon [_thread_in_native, id=80647, stack(0x00007000111ea000,0x00007000112ea000)]
  0x00007fb42f8cf800 JavaThread "Thread-0" [_thread_blocked, id=81159, stack(0x00007000110e7000,0x00007000111e7000)]
  0x00007fb42f0b5800 JavaThread "AWT-Shutdown" [_thread_blocked, id=26667, stack(0x0000700010ede000,0x0000700010fde000)]
  0x00007fb42e058000 JavaThread "AppKit Thread" daemon [_thread_in_native, id=775, stack(0x00007ffeea02c000,0x00007ffeea82c000)]
  0x00007fb42f00c000 JavaThread "Service Thread" daemon [_thread_blocked, id=15619, stack(0x0000700010c55000,0x0000700010d55000)]
  0x00007fb42e830000 JavaThread "C1 CompilerThread2" daemon [_thread_blocked, id=15363, stack(0x0000700010b52000,0x0000700010c52000)]
  0x00007fb42e82f800 JavaThread "C2 CompilerThread1" daemon [_thread_blocked, id=19203, stack(0x0000700010a4f000,0x0000700010b4f000)]
  0x00007fb42f025000 JavaThread "C2 CompilerThread0" daemon [_thread_blocked, id=14851, stack(0x000070001094c000,0x0000700010a4c000)]
  0x00007fb42e82d800 JavaThread "Signal Dispatcher" daemon [_thread_blocked, id=14603, stack(0x0000700010849000,0x0000700010949000)]
  0x00007fb42f024800 JavaThread "Finalizer" daemon [_thread_blocked, id=21251, stack(0x00007000106c3000,0x00007000107c3000)]
  0x00007fb42f004000 JavaThread "Reference Handler" daemon [_thread_blocked, id=12035, stack(0x00007000105c0000,0x00007000106c0000)]

Other Threads:
  0x00007fb42f825000 VMThread [stack: 0x00007000104bd000,0x00007000105bd000] [id=11523]
  0x00007fb42e03d000 WatcherThread [stack: 0x0000700010d58000,0x0000700010e58000] [id=15875]

VM state:not at safepoint (normal execution)

VM Mutex/Monitor currently owned by a thread: None

Heap:
 PSYoungGen      total 103424K, used 23830K [0x000000076ab00000, 0x0000000772d80000, 0x00000007c0000000)
  eden space 73216K, 5% used [0x000000076ab00000,0x000000076aea5cd8,0x000000076f280000)
  from space 30208K, 66% used [0x0000000771000000,0x000000077239ff08,0x0000000772d80000)
  to   space 30208K, 0% used [0x000000076f280000,0x000000076f280000,0x0000000771000000)
 ParOldGen       total 175104K, used 120958K [0x00000006c0000000, 0x00000006cab00000, 0x000000076ab00000)
  object space 175104K, 69% used [0x00000006c0000000,0x00000006c761fa10,0x00000006cab00000)
 Metaspace       used 14920K, capacity 15284K, committed 15488K, reserved 1062912K
  class space    used 1692K, capacity 1796K, committed 1920K, reserved 1048576K

Card table byte_map: [0x000000010716e000,0x000000010796f000] byte_map_base: 0x0000000103b6e000

Marking Bits: (ParMarkBitMap*) 0x00000001066f76c0
 Begin Bits: [0x0000000107ec5000, 0x000000010bec5000)
 End Bits:   [0x000000010bec5000, 0x000000010fec5000)

Polling page: 0x0000000105451000

CodeCache: size=245760Kb used=11386Kb max_used=11386Kb free=234373Kb
 bounds [0x0000000114fed000, 0x0000000115b1d000, 0x0000000123fed000]
 total_blobs=3624 nmethods=3068 adapters=466
 compilation: enabled

Compilation events (10 events):
Event: 4391.543 Thread 0x00007fb42e830000 3516       3       sun.lwawt.LWContainerPeer::getContentSize (5 bytes)
Event: 4391.544 Thread 0x00007fb42e830000 nmethod 3516 0x0000000115aed590 code [0x0000000115aed700, 0x0000000115aed908]
Event: 4391.560 Thread 0x00007fb42e830000 3517       3       sun.java2d.SurfaceData::getSourceSurfaceData (110 bytes)
Event: 4391.562 Thread 0x00007fb42e830000 nmethod 3517 0x0000000115b04f50 code [0x0000000115b05160, 0x0000000115b05d58]
Event: 4391.592 Thread 0x00007fb42e830000 3518   !   3       java.awt.Frame::getExtendedState (19 bytes)
Event: 4391.593 Thread 0x00007fb42e830000 nmethod 3518 0x0000000115aef150 code [0x0000000115aef2c0, 0x0000000115aef650]
Event: 4391.593 Thread 0x00007fb42e830000 3519   !   3       javax.swing.RepaintManager::addDirtyRegion0 (205 bytes)
Event: 4391.595 Thread 0x00007fb42e830000 nmethod 3519 0x0000000115b025d0 code [0x0000000115b028a0, 0x0000000115b04518]
Event: 4391.595 Thread 0x00007fb42e830000 3520       3       java.awt.Component::isMixingNeeded (269 bytes)
Event: 4391.601 Thread 0x00007fb42e830000 nmethod 3520 0x0000000115b12510 code [0x0000000115b12c80, 0x0000000115b18828]

GC Heap History (10 events):
Event: 4230.661 GC heap before
{Heap before GC invocations=30 (full 0):
 PSYoungGen      total 55808K, used 55531K [0x000000076ab00000, 0x0000000770c80000, 0x00000007c0000000)
  eden space 43520K, 100% used [0x000000076ab00000,0x000000076d580000,0x000000076d580000)
  from space 12288K, 97% used [0x000000076d600000,0x000000076e1baf28,0x000000076e200000)
  to   space 28160K, 0% used [0x000000076f100000,0x000000076f100000,0x0000000770c80000)
 ParOldGen       total 175104K, used 113555K [0x00000006c0000000, 0x00000006cab00000, 0x000000076ab00000)
  object space 175104K, 64% used [0x00000006c0000000,0x00000006c6ee4fd0,0x00000006cab00000)
 Metaspace       used 14888K, capacity 15220K, committed 15488K, reserved 1062912K
  class space    used 1688K, capacity 1796K, committed 1920K, reserved 1048576K
Event: 4230.668 GC heap after
Heap after GC invocations=30 (full 0):
 PSYoungGen      total 72704K, used 13102K [0x000000076ab00000, 0x0000000771780000, 0x00000007c0000000)
  eden space 44544K, 0% used [0x000000076ab00000,0x000000076ab00000,0x000000076d680000)
  from space 28160K, 46% used [0x000000076f100000,0x000000076fdcb950,0x0000000770c80000)
  to   space 27136K, 0% used [0x000000076d680000,0x000000076d680000,0x000000076f100000)
 ParOldGen       total 175104K, used 113892K [0x00000006c0000000, 0x00000006cab00000, 0x000000076ab00000)
  object space 175104K, 65% used [0x00000006c0000000,0x00000006c6f393b0,0x00000006cab00000)
 Metaspace       used 14888K, capacity 15220K, committed 15488K, reserved 1062912K
  class space    used 1688K, capacity 1796K, committed 1920K, reserved 1048576K
}
Event: 4230.918 GC heap before
{Heap before GC invocations=31 (full 0):
 PSYoungGen      total 72704K, used 57646K [0x000000076ab00000, 0x0000000771780000, 0x00000007c0000000)
  eden space 44544K, 100% used [0x000000076ab00000,0x000000076d680000,0x000000076d680000)
  from space 28160K, 46% used [0x000000076f100000,0x000000076fdcb950,0x0000000770c80000)
  to   space 27136K, 0% used [0x000000076d680000,0x000000076d680000,0x000000076f100000)
 ParOldGen       total 175104K, used 113892K [0x00000006c0000000, 0x00000006cab00000, 0x000000076ab00000)
  object space 175104K, 65% used [0x00000006c0000000,0x00000006c6f393b0,0x00000006cab00000)
 Metaspace       used 14890K, capacity 15220K, committed 15488K, reserved 1062912K
  class space    used 1688K, capacity 1796K, committed 1920K, reserved 1048576K
Event: 4230.925 GC heap after
Heap after GC invocations=31 (full 0):
 PSYoungGen      total 71680K, used 23575K [0x000000076ab00000, 0x0000000771d00000, 0x00000007c0000000)
  eden space 44544K, 0% used [0x000000076ab00000,0x000000076ab00000,0x000000076d680000)
  from space 27136K, 86% used [0x000000076d680000,0x000000076ed85e70,0x000000076f100000)
  to   space 29184K, 0% used [0x0000000770080000,0x0000000770080000,0x0000000771d00000)
 ParOldGen       total 175104K, used 114342K [0x00000006c0000000, 0x00000006cab00000, 0x000000076ab00000)
  object space 175104K, 65% used [0x00000006c0000000,0x00000006c6fa9988,0x00000006cab00000)
 Metaspace       used 14890K, capacity 15220K, committed 15488K, reserved 1062912K
  class space    used 1688K, capacity 1796K, committed 1920K, reserved 1048576K
}
Event: 4234.130 GC heap before
{Heap before GC invocations=32 (full 0):
 PSYoungGen      total 71680K, used 68119K [0x000000076ab00000, 0x0000000771d00000, 0x00000007c0000000)
  eden space 44544K, 100% used [0x000000076ab00000,0x000000076d680000,0x000000076d680000)
  from space 27136K, 86% used [0x000000076d680000,0x000000076ed85e70,0x000000076f100000)
  to   space 29184K, 0% used [0x0000000770080000,0x0000000770080000,0x0000000771d00000)
 ParOldGen       total 175104K, used 114342K [0x00000006c0000000, 0x00000006cab00000, 0x000000076ab00000)
  object space 175104K, 65% used [0x00000006c0000000,0x00000006c6fa9988,0x00000006cab00000)
 Metaspace       used 14890K, capacity 15220K, committed 15488K, reserved 1062912K
  class space    used 1688K, capacity 1796K, committed 1920K, reserved 1048576K
Event: 4234.138 GC heap after
Heap after GC invocations=32 (full 0):
 PSYoungGen      total 86528K, used 18474K [0x000000076ab00000, 0x0000000771c00000, 0x00000007c0000000)
  eden space 58368K, 0% used [0x000000076ab00000,0x000000076ab00000,0x000000076e400000)
  from space 28160K, 65% used [0x0000000770080000,0x000000077128abe0,0x0000000771c00000)
  to   space 28672K, 0% used [0x000000076e400000,0x000000076e400000,0x0000000770000000)
 ParOldGen       total 175104K, used 114671K [0x00000006c0000000, 0x00000006cab00000, 0x000000076ab00000)
  object space 175104K, 65% used [0x00000006c0000000,0x00000006c6ffbc70,0x00000006cab00000)
 Metaspace       used 14890K, capacity 15220K, committed 15488K, reserved 1062912K
  class space    used 1688K, capacity 1796K, committed 1920K, reserved 1048576K
}
Event: 4234.461 GC heap before
{Heap before GC invocations=33 (full 0):
 PSYoungGen      total 86528K, used 76842K [0x000000076ab00000, 0x0000000771c00000, 0x00000007c0000000)
  eden space 58368K, 100% used [0x000000076ab00000,0x000000076e400000,0x000000076e400000)
  from space 28160K, 65% used [0x0000000770080000,0x000000077128abe0,0x0000000771c00000)
  to   space 28672K, 0% used [0x000000076e400000,0x000000076e400000,0x0000000770000000)
 ParOldGen       total 175104K, used 114671K [0x00000006c0000000, 0x00000006cab00000, 0x000000076ab00000)
  object space 175104K, 65% used [0x00000006c0000000,0x00000006c6ffbc70,0x00000006cab00000)
 Metaspace       used 14890K, capacity 15220K, committed 15488K, reserved 1062912K
  class space    used 1688K, capacity 1796K, committed 1920K, reserved 1048576K
Event: 4234.475 GC heap after
Heap after GC invocations=33 (full 0):
 PSYoungGen      total 87040K, used 23860K [0x000000076ab00000, 0x0000000772d80000, 0x00000007c0000000)
  eden space 58368K, 0% used [0x000000076ab00000,0x000000076ab00000,0x000000076e400000)
  from space 28672K, 83% used [0x000000076e400000,0x000000076fb4d3b0,0x0000000770000000)
  to   space 30208K, 0% used [0x0000000771000000,0x0000000771000000,0x0000000772d80000)
 ParOldGen       total 175104K, used 120372K [0x00000006c0000000, 0x00000006cab00000, 0x000000076ab00000)
  object space 175104K, 68% used [0x00000006c0000000,0x00000006c758d158,0x00000006cab00000)
 Metaspace       used 14890K, capacity 15220K, committed 15488K, reserved 1062912K
  class space    used 1688K, capacity 1796K, committed 1920K, reserved 1048576K
}
Event: 4391.609 GC heap before
{Heap before GC invocations=34 (full 0):
 PSYoungGen      total 87040K, used 81025K [0x000000076ab00000, 0x0000000772d80000, 0x00000007c0000000)
  eden space 58368K, 97% used [0x000000076ab00000,0x000000076e2d3290,0x000000076e400000)
  from space 28672K, 83% used [0x000000076e400000,0x000000076fb4d3b0,0x0000000770000000)
  to   space 30208K, 0% used [0x0000000771000000,0x0000000771000000,0x0000000772d80000)
 ParOldGen       total 175104K, used 120372K [0x00000006c0000000, 0x00000006cab00000, 0x000000076ab00000)
  object space 175104K, 68% used [0x00000006c0000000,0x00000006c758d158,0x00000006cab00000)
 Metaspace       used 14920K, capacity 15284K, committed 15488K, reserved 1062912K
  class space    used 1692K, capacity 1796K, committed 1920K, reserved 1048576K
Event: 4391.622 GC heap after
Heap after GC invocations=34 (full 0):
 PSYoungGen      total 103424K, used 20095K [0x000000076ab00000, 0x0000000772d80000, 0x00000007c0000000)
  eden space 73216K, 0% used [0x000000076ab00000,0x000000076ab00000,0x000000076f280000)
  from space 30208K, 66% used [0x0000000771000000,0x000000077239ff08,0x0000000772d80000)
  to   space 30208K, 0% used [0x000000076f280000,0x000000076f280000,0x0000000771000000)
 ParOldGen       total 175104K, used 120958K [0x00000006c0000000, 0x00000006cab00000, 0x000000076ab00000)
  object space 175104K, 69% used [0x00000006c0000000,0x00000006c761fa10,0x00000006cab00000)
 Metaspace       used 14920K, capacity 15284K, committed 15488K, reserved 1062912K
  class space    used 1692K, capacity 1796K, committed 1920K, reserved 1048576K
}

Deoptimization events (10 events):
Event: 4340.602 Thread 0x00007fb42f10b800 Uncommon trap: reason=speculate_class_check action=maybe_recompile pc=0x00000001157290ec method=javax.swing.text.BoxView.getMinimumSpan(I)F @ 10
Event: 4340.602 Thread 0x00007fb42f10b800 Uncommon trap: reason=speculate_class_check action=maybe_recompile pc=0x00000001157290ec method=javax.swing.text.BoxView.getMinimumSpan(I)F @ 10
Event: 4340.602 Thread 0x00007fb42f10b800 Uncommon trap: reason=speculate_class_check action=maybe_recompile pc=0x00000001157290ec method=javax.swing.text.BoxView.getMinimumSpan(I)F @ 10
Event: 4340.602 Thread 0x00007fb42f10b800 Uncommon trap: reason=bimorphic action=maybe_recompile pc=0x000000011552f218 method=javax.swing.text.BoxView.getMinimumSpan(I)F @ 10
Event: 4340.603 Thread 0x00007fb42f10b800 Uncommon trap: reason=bimorphic action=maybe_recompile pc=0x000000011552f218 method=javax.swing.text.BoxView.getMinimumSpan(I)F @ 10
Event: 4340.606 Thread 0x00007fb42f10b800 Uncommon trap: reason=bimorphic action=maybe_recompile pc=0x000000011552f218 method=javax.swing.text.BoxView.getMinimumSpan(I)F @ 10
Event: 4340.608 Thread 0x00007fb42f10b800 Uncommon trap: reason=bimorphic action=maybe_recompile pc=0x000000011552f218 method=javax.swing.text.BoxView.getMinimumSpan(I)F @ 10
Event: 4340.688 Thread 0x00007fb42f10b800 Uncommon trap: reason=unstable_if action=reinterpret pc=0x000000011584ce80 method=java.util.HashMap$HashIterator.<init>(Ljava/util/HashMap;)V @ 45
Event: 4340.688 Thread 0x00007fb42f10b800 Uncommon trap: reason=unstable_if action=reinterpret pc=0x0000000115772e78 method=java.util.HashMap$HashIterator.<init>(Ljava/util/HashMap;)V @ 45
Event: 4391.512 Thread 0x00007fb42f10b800 Uncommon trap: reason=unstable_if action=reinterpret pc=0x00000001158d20f8 method=java.awt.image.SampleModel.<init>(IIII)V @ 12

Classes redefined (0 events):
No events

Internal exceptions (10 events):
Event: 4.070 Thread 0x00007fb42e001800 Exception <a 'java/io/FileNotFoundException'> (0x000000076b6ad5e0) thrown at [/Users/java_re/workspace/8-2-build-macosx-x86_64/jdk8u161/10277/hotspot/src/share/vm/prims/jni.cpp, line 709]
Event: 4.100 Thread 0x00007fb42e001800 Exception <a 'java/io/FileNotFoundException'> (0x000000076b6b27d0) thrown at [/Users/java_re/workspace/8-2-build-macosx-x86_64/jdk8u161/10277/hotspot/src/share/vm/prims/jni.cpp, line 709]
Event: 6.377 Thread 0x00007fb42f024800 Exception <a 'java/lang/NullPointerException'> (0x000000076ad32b88) thrown at [/Users/java_re/workspace/8-2-build-macosx-x86_64/jdk8u161/10277/hotspot/src/share/vm/interpreter/linkResolver.cpp, line 1185]
Event: 6.384 Thread 0x00007fb42f024800 Exception <a 'java/lang/NullPointerException'> (0x000000076ad32dd0) thrown at [/Users/java_re/workspace/8-2-build-macosx-x86_64/jdk8u161/10277/hotspot/src/share/vm/interpreter/linkResolver.cpp, line 1185]
Event: 4340.457 Thread 0x00007fb42e058000 Implicit null exception at 0x00000001158ad247 to 0x00000001158ae521
Event: 4340.457 Thread 0x00007fb42e058000 Implicit null exception at 0x000000011523688c to 0x00000001152369dd
Event: 4340.564 Thread 0x00007fb42f10b800 Implicit null exception at 0x00000001153597b4 to 0x0000000115359c41
Event: 4340.581 Thread 0x00007fb42f10b800 Implicit null exception at 0x000000011521661e to 0x0000000115216976
Event: 4391.512 Thread 0x00007fb42f10b800 Exception <a 'java/lang/IllegalArgumentException'> (0x000000076deee3a8) thrown at [/Users/java_re/workspace/8-2-build-macosx-x86_64/jdk8u161/10277/hotspot/src/share/vm/prims/jvm.cpp, line 1394]
Event: 4391.512 Thread 0x00007fb42f10b800 Exception <a 'java/lang/IllegalArgumentException'> (0x000000076deee3a8) thrown at [/Users/java_re/workspace/8-2-build-macosx-x86_64/jdk8u161/10277/hotspot/src/share/vm/prims/jvm.cpp, line 1394]

Events (10 events):
Event: 4391.476 loading class sun/lwawt/macosx/CPlatformWindow$13 done
Event: 4391.512 Thread 0x00007fb42f10b800 Uncommon trap: trap_request=0xffffff65 fr.pc=0x00000001158d20f8
Event: 4391.512 Thread 0x00007fb42f10b800 DEOPT PACKING pc=0x00000001158d20f8 sp=0x00007000114ec560
Event: 4391.512 Thread 0x00007fb42f10b800 DEOPT UNPACKING pc=0x000000011503273a sp=0x00007000114ec400 mode 2
Event: 4391.512 loading class java/lang/Throwable$WrappedPrintStream
Event: 4391.512 loading class java/lang/Throwable$PrintStreamOrWriter
Event: 4391.512 loading class java/lang/Throwable$PrintStreamOrWriter done
Event: 4391.512 loading class java/lang/Throwable$WrappedPrintStream done
Event: 4391.609 Executing VM operation: ParallelGCFailedAllocation
Event: 4391.622 Executing VM operation: ParallelGCFailedAllocation done


Dynamic libraries:
0x00000000117a0000 	/System/Library/Frameworks/Cocoa.framework/Versions/A/Cocoa
0x00000000117a0000 	/System/Library/Frameworks/Security.framework/Versions/A/Security
0x00000000117a0000 	/System/Library/Frameworks/ApplicationServices.framework/Versions/A/ApplicationServices
0x00000000117a0000 	/usr/lib/libz.1.dylib
0x00000000117a0000 	/usr/lib/libSystem.B.dylib
0x00000000117a0000 	/usr/lib/libobjc.A.dylib
0x00000000117a0000 	/System/Library/Frameworks/CoreFoundation.framework/Versions/A/CoreFoundation
0x00000000117a0000 	/System/Library/Frameworks/Foundation.framework/Versions/C/Foundation
0x00000000117a0000 	/System/Library/Frameworks/AppKit.framework/Versions/C/AppKit
0x00000000117a0000 	/System/Library/Frameworks/CoreData.framework/Versions/A/CoreData
0x00000000117a0000 	/System/Library/PrivateFrameworks/RemoteViewServices.framework/Versions/A/RemoteViewServices
0x00000000117a0000 	/System/Library/PrivateFrameworks/UIFoundation.framework/Versions/A/UIFoundation
0x00000000117a0000 	/System/Library/PrivateFrameworks/DFRFoundation.framework/Versions/A/DFRFoundation
0x00000000117a0000 	/System/Library/Frameworks/Metal.framework/Versions/A/Metal
0x00000000117a0000 	/System/Library/PrivateFrameworks/DesktopServicesPriv.framework/Versions/A/DesktopServicesPriv
0x00000000117a0000 	/usr/lib/libenergytrace.dylib
0x00000000117a0000 	/System/Library/PrivateFrameworks/SkyLight.framework/Versions/A/SkyLight
0x00000000117a0000 	/System/Library/Frameworks/CoreGraphics.framework/Versions/A/CoreGraphics
0x00000000117a0000 	/usr/lib/libScreenReader.dylib
0x00000000117a0000 	/System/Library/Frameworks/Accelerate.framework/Versions/A/Accelerate
0x00000000117a0000 	/System/Library/Frameworks/IOSurface.framework/Versions/A/IOSurface
0x00000000117a0000 	/System/Library/Frameworks/AudioToolbox.framework/Versions/A/AudioToolbox
0x00000000117a0000 	/System/Library/Frameworks/AudioUnit.framework/Versions/A/AudioUnit
0x00000000117a0000 	/System/Library/PrivateFrameworks/DataDetectorsCore.framework/Versions/A/DataDetectorsCore
0x00000000117a0000 	/System/Library/Frameworks/Carbon.framework/Versions/A/Frameworks/HIToolbox.framework/Versions/A/HIToolbox
0x00000000117a0000 	/usr/lib/libicucore.A.dylib
0x00000000117a0000 	/System/Library/Frameworks/QuartzCore.framework/Versions/A/QuartzCore
0x00000000117a0000 	/System/Library/PrivateFrameworks/SignpostNotification.framework/Versions/A/SignpostNotification
0x00000000117a0000 	/System/Library/Frameworks/Carbon.framework/Versions/A/Frameworks/SpeechRecognition.framework/Versions/A/SpeechRecognition
0x00000000117a0000 	/usr/lib/libauto.dylib
0x00000000117a0000 	/usr/lib/libxml2.2.dylib
0x00000000117a0000 	/System/Library/PrivateFrameworks/CoreUI.framework/Versions/A/CoreUI
0x00000000117a0000 	/System/Library/Frameworks/CoreAudio.framework/Versions/A/CoreAudio
0x00000000117a0000 	/System/Library/Frameworks/DiskArbitration.framework/Versions/A/DiskArbitration
0x00000000117a0000 	/usr/lib/liblangid.dylib
0x00000000117a0000 	/System/Library/PrivateFrameworks/MultitouchSupport.framework/Versions/A/MultitouchSupport
0x00000000117a0000 	/System/Library/Frameworks/IOKit.framework/Versions/A/IOKit
0x00000000117a0000 	/usr/lib/libDiagnosticMessagesClient.dylib
0x00000000117a0000 	/System/Library/Frameworks/CoreServices.framework/Versions/A/CoreServices
0x00000000117a0000 	/System/Library/PrivateFrameworks/PerformanceAnalysis.framework/Versions/A/PerformanceAnalysis
0x00000000117a0000 	/System/Library/Frameworks/OpenGL.framework/Versions/A/OpenGL
0x00000000117a0000 	/System/Library/Frameworks/ColorSync.framework/Versions/A/ColorSync
0x00000000117a0000 	/System/Library/Frameworks/CoreImage.framework/Versions/A/CoreImage
0x00000000117a0000 	/System/Library/Frameworks/CoreText.framework/Versions/A/CoreText
0x00000000117a0000 	/System/Library/Frameworks/ImageIO.framework/Versions/A/ImageIO
0x00000000117a0000 	/System/Library/PrivateFrameworks/Backup.framework/Versions/A/Backup
0x00000000117a0000 	/usr/lib/libarchive.2.dylib
0x00000000117a0000 	/System/Library/Frameworks/CFNetwork.framework/Versions/A/CFNetwork
0x00000000117a0000 	/System/Library/Frameworks/SystemConfiguration.framework/Versions/A/SystemConfiguration
0x00000000117a0000 	/usr/lib/libCRFSuite.dylib
0x00000000117a0000 	/usr/lib/libc++.1.dylib
0x00000000117a0000 	/usr/lib/libc++abi.dylib
0x00000000117a0000 	/usr/lib/system/libcache.dylib
0x00000000117a0000 	/usr/lib/system/libcommonCrypto.dylib
0x00000000117a0000 	/usr/lib/system/libcompiler_rt.dylib
0x00000000117a0000 	/usr/lib/system/libcopyfile.dylib
0x00000000117a0000 	/usr/lib/system/libcorecrypto.dylib
0x00000000117a0000 	/usr/lib/system/libdispatch.dylib
0x00000000117a0000 	/usr/lib/system/libdyld.dylib
0x00000000117a0000 	/usr/lib/system/libkeymgr.dylib
0x00000000117a0000 	/usr/lib/system/liblaunch.dylib
0x00000000117a0000 	/usr/lib/system/libmacho.dylib
0x00000000117a0000 	/usr/lib/system/libquarantine.dylib
0x00000000117a0000 	/usr/lib/system/libremovefile.dylib
0x00000000117a0000 	/usr/lib/system/libsystem_asl.dylib
0x00000000117a0000 	/usr/lib/system/libsystem_blocks.dylib
0x00000000117a0000 	/usr/lib/system/libsystem_c.dylib
0x00000000117a0000 	/usr/lib/system/libsystem_configuration.dylib
0x00000000117a0000 	/usr/lib/system/libsystem_coreservices.dylib
0x00000000117a0000 	/usr/lib/system/libsystem_darwin.dylib
0x00000000117a0000 	/usr/lib/system/libsystem_dnssd.dylib
0x00000000117a0000 	/usr/lib/system/libsystem_info.dylib
0x00000000117a0000 	/usr/lib/system/libsystem_m.dylib
0x00000000117a0000 	/usr/lib/system/libsystem_malloc.dylib
0x00000000117a0000 	/usr/lib/system/libsystem_network.dylib
0x00000000117a0000 	/usr/lib/system/libsystem_networkextension.dylib
0x00000000117a0000 	/usr/lib/system/libsystem_notify.dylib
0x00000000117a0000 	/usr/lib/system/libsystem_sandbox.dylib
0x00000000117a0000 	/usr/lib/system/libsystem_secinit.dylib
0x00000000117a0000 	/usr/lib/system/libsystem_kernel.dylib
0x00000000117a0000 	/usr/lib/system/libsystem_platform.dylib
0x00000000117a0000 	/usr/lib/system/libsystem_pthread.dylib
0x00000000117a0000 	/usr/lib/system/libsystem_symptoms.dylib
0x00000000117a0000 	/usr/lib/system/libsystem_trace.dylib
0x00000000117a0000 	/usr/lib/system/libunwind.dylib
0x00000000117a0000 	/usr/lib/system/libxpc.dylib
0x00000000117a0000 	/usr/lib/closure/libclosured.dylib
0x00000000117a0000 	/usr/lib/libbsm.0.dylib
0x00000000117a0000 	/usr/lib/system/libkxld.dylib
0x00000000117a0000 	/usr/lib/libOpenScriptingUtil.dylib
0x00000000117a0000 	/usr/lib/libcoretls.dylib
0x00000000117a0000 	/usr/lib/libcoretls_cfhelpers.dylib
0x00000000117a0000 	/usr/lib/libpam.2.dylib
0x00000000117a0000 	/usr/lib/libsqlite3.dylib
0x00000000117a0000 	/usr/lib/libxar.1.dylib
0x00000000117a0000 	/usr/lib/libbz2.1.0.dylib
0x00000000117a0000 	/usr/lib/liblzma.5.dylib
0x00000000117a0000 	/usr/lib/libnetwork.dylib
0x00000000117a0000 	/usr/lib/libapple_nghttp2.dylib
0x00000000117a0000 	/usr/lib/libpcap.A.dylib
0x00000000117a0000 	/usr/lib/libboringssl.dylib
0x00000000117a0000 	/usr/lib/libusrtcp.dylib
0x00000000117a0000 	/usr/lib/libapple_crypto.dylib
0x00000000117a0000 	/System/Library/Frameworks/CoreServices.framework/Versions/A/Frameworks/FSEvents.framework/Versions/A/FSEvents
0x00000000117a0000 	/System/Library/Frameworks/CoreServices.framework/Versions/A/Frameworks/CarbonCore.framework/Versions/A/CarbonCore
0x00000000117a0000 	/System/Library/Frameworks/CoreServices.framework/Versions/A/Frameworks/Metadata.framework/Versions/A/Metadata
0x00000000117a0000 	/System/Library/Frameworks/CoreServices.framework/Versions/A/Frameworks/OSServices.framework/Versions/A/OSServices
0x00000000117a0000 	/System/Library/Frameworks/CoreServices.framework/Versions/A/Frameworks/SearchKit.framework/Versions/A/SearchKit
0x00000000117a0000 	/System/Library/Frameworks/CoreServices.framework/Versions/A/Frameworks/AE.framework/Versions/A/AE
0x00000000117a0000 	/System/Library/Frameworks/CoreServices.framework/Versions/A/Frameworks/LaunchServices.framework/Versions/A/LaunchServices
0x00000000117a0000 	/System/Library/Frameworks/CoreServices.framework/Versions/A/Frameworks/DictionaryServices.framework/Versions/A/DictionaryServices
0x00000000117a0000 	/System/Library/Frameworks/CoreServices.framework/Versions/A/Frameworks/SharedFileList.framework/Versions/A/SharedFileList
0x00000000117a0000 	/System/Library/Frameworks/NetFS.framework/Versions/A/NetFS
0x00000000117a0000 	/System/Library/PrivateFrameworks/NetAuth.framework/Versions/A/NetAuth
0x00000000117a0000 	/System/Library/PrivateFrameworks/login.framework/Versions/A/Frameworks/loginsupport.framework/Versions/A/loginsupport
0x00000000117a0000 	/System/Library/PrivateFrameworks/TCC.framework/Versions/A/TCC
0x00000000117a0000 	/usr/lib/libmecabra.dylib
0x00000000117a0000 	/System/Library/Frameworks/ApplicationServices.framework/Versions/A/Frameworks/ATS.framework/Versions/A/ATS
0x00000000117a0000 	/System/Library/Frameworks/ApplicationServices.framework/Versions/A/Frameworks/ColorSyncLegacy.framework/Versions/A/ColorSyncLegacy
0x00000000117a0000 	/System/Library/Frameworks/ApplicationServices.framework/Versions/A/Frameworks/HIServices.framework/Versions/A/HIServices
0x00000000117a0000 	/System/Library/Frameworks/ApplicationServices.framework/Versions/A/Frameworks/LangAnalysis.framework/Versions/A/LangAnalysis
0x00000000117a0000 	/System/Library/Frameworks/ApplicationServices.framework/Versions/A/Frameworks/PrintCore.framework/Versions/A/PrintCore
0x00000000117a0000 	/System/Library/Frameworks/ApplicationServices.framework/Versions/A/Frameworks/QD.framework/Versions/A/QD
0x00000000117a0000 	/System/Library/Frameworks/ApplicationServices.framework/Versions/A/Frameworks/SpeechSynthesis.framework/Versions/A/SpeechSynthesis
0x00000000117a0000 	/System/Library/Frameworks/CoreDisplay.framework/Versions/A/CoreDisplay
0x00000000117a0000 	/System/Library/Frameworks/Accelerate.framework/Versions/A/Frameworks/vImage.framework/Versions/A/vImage
0x00000000117a0000 	/System/Library/Frameworks/Accelerate.framework/Versions/A/Frameworks/vecLib.framework/Versions/A/vecLib
0x00000000117a0000 	/System/Library/Frameworks/Accelerate.framework/Versions/A/Frameworks/vecLib.framework/Versions/A/libvDSP.dylib
0x00000000117a0000 	/System/Library/Frameworks/Accelerate.framework/Versions/A/Frameworks/vecLib.framework/Versions/A/libBNNS.dylib
0x00000000117a0000 	/System/Library/Frameworks/Accelerate.framework/Versions/A/Frameworks/vecLib.framework/Versions/A/libQuadrature.dylib
0x00000000117a0000 	/System/Library/Frameworks/Accelerate.framework/Versions/A/Frameworks/vecLib.framework/Versions/A/libvMisc.dylib
0x00000000117a0000 	/System/Library/Frameworks/Accelerate.framework/Versions/A/Frameworks/vecLib.framework/Versions/A/libLAPACK.dylib
0x00000000117a0000 	/System/Library/Frameworks/Accelerate.framework/Versions/A/Frameworks/vecLib.framework/Versions/A/libBLAS.dylib
0x00000000117a0000 	/System/Library/Frameworks/Accelerate.framework/Versions/A/Frameworks/vecLib.framework/Versions/A/libLinearAlgebra.dylib
0x00000000117a0000 	/System/Library/Frameworks/Accelerate.framework/Versions/A/Frameworks/vecLib.framework/Versions/A/libSparse.dylib
0x00000000117a0000 	/System/Library/Frameworks/Accelerate.framework/Versions/A/Frameworks/vecLib.framework/Versions/A/libSparseBLAS.dylib
0x00000000117a0000 	/System/Library/PrivateFrameworks/GPUWrangler.framework/Versions/A/GPUWrangler
0x00000000117a0000 	/System/Library/PrivateFrameworks/IOAccelerator.framework/Versions/A/IOAccelerator
0x00000000117a0000 	/System/Library/PrivateFrameworks/IOPresentment.framework/Versions/A/IOPresentment
0x00000000117a0000 	/System/Library/PrivateFrameworks/DSExternalDisplay.framework/Versions/A/DSExternalDisplay
0x00000000117a0000 	/System/Library/Frameworks/OpenGL.framework/Versions/A/Libraries/libCoreFSCache.dylib
0x00000000117a0000 	/System/Library/Frameworks/CoreVideo.framework/Versions/A/CoreVideo
0x00000000117a0000 	/System/Library/PrivateFrameworks/GraphVisualizer.framework/Versions/A/GraphVisualizer
0x00000000117a0000 	/System/Library/Frameworks/MetalPerformanceShaders.framework/Versions/A/MetalPerformanceShaders
0x00000000117a0000 	/usr/lib/libFosl_dynamic.dylib
0x00000000117a0000 	/System/Library/PrivateFrameworks/FaceCore.framework/Versions/A/FaceCore
0x00000000117a0000 	/System/Library/Frameworks/OpenCL.framework/Versions/A/OpenCL
0x00000000117a0000 	/usr/lib/libcompression.dylib
0x00000000117a0000 	/System/Library/Frameworks/ApplicationServices.framework/Versions/A/Frameworks/ATS.framework/Versions/A/Resources/libFontParser.dylib
0x00000000117a0000 	/System/Library/Frameworks/ApplicationServices.framework/Versions/A/Frameworks/ATS.framework/Versions/A/Resources/libFontRegistry.dylib
0x00000000117a0000 	/System/Library/Frameworks/ImageIO.framework/Versions/A/Resources/libJPEG.dylib
0x00000000117a0000 	/System/Library/Frameworks/ImageIO.framework/Versions/A/Resources/libTIFF.dylib
0x00000000117a0000 	/System/Library/Frameworks/ImageIO.framework/Versions/A/Resources/libPng.dylib
0x00000000117a0000 	/System/Library/Frameworks/ImageIO.framework/Versions/A/Resources/libGIF.dylib
0x00000000117a0000 	/System/Library/Frameworks/ImageIO.framework/Versions/A/Resources/libJP2.dylib
0x00000000117a0000 	/System/Library/Frameworks/ImageIO.framework/Versions/A/Resources/libRadiance.dylib
0x00000000117a0000 	/System/Library/PrivateFrameworks/AppleJPEG.framework/Versions/A/AppleJPEG
0x00000000117a0000 	/System/Library/Frameworks/MetalPerformanceShaders.framework/Frameworks/MPSCore.framework/Versions/A/MPSCore
0x00000000117a0000 	/System/Library/Frameworks/MetalPerformanceShaders.framework/Frameworks/MPSImage.framework/Versions/A/MPSImage
0x00000000117a0000 	/System/Library/Frameworks/MetalPerformanceShaders.framework/Frameworks/MPSNeuralNetwork.framework/Versions/A/MPSNeuralNetwork
0x00000000117a0000 	/System/Library/Frameworks/MetalPerformanceShaders.framework/Frameworks/MPSMatrix.framework/Versions/A/MPSMatrix
0x00000000117a0000 	/System/Library/PrivateFrameworks/MetalTools.framework/Versions/A/MetalTools
0x00000000117a0000 	/System/Library/Frameworks/OpenGL.framework/Versions/A/Libraries/libGLU.dylib
0x00000000117a0000 	/System/Library/Frameworks/OpenGL.framework/Versions/A/Libraries/libGFXShared.dylib
0x00000000117a0000 	/System/Library/Frameworks/OpenGL.framework/Versions/A/Libraries/libGL.dylib
0x00000000117a0000 	/System/Library/Frameworks/OpenGL.framework/Versions/A/Libraries/libGLImage.dylib
0x00000000117a0000 	/System/Library/Frameworks/OpenGL.framework/Versions/A/Libraries/libCVMSPluginSupport.dylib
0x00000000117a0000 	/System/Library/Frameworks/OpenGL.framework/Versions/A/Libraries/libCoreVMClient.dylib
0x00000000117a0000 	/usr/lib/libcups.2.dylib
0x00000000117a0000 	/System/Library/Frameworks/Kerberos.framework/Versions/A/Kerberos
0x00000000117a0000 	/System/Library/Frameworks/GSS.framework/Versions/A/GSS
0x00000000117a0000 	/usr/lib/libresolv.9.dylib
0x00000000117a0000 	/usr/lib/libiconv.2.dylib
0x00000000117a0000 	/System/Library/PrivateFrameworks/Heimdal.framework/Versions/A/Heimdal
0x00000000117a0000 	/usr/lib/libheimdal-asn1.dylib
0x00000000117a0000 	/System/Library/Frameworks/OpenDirectory.framework/Versions/A/OpenDirectory
0x00000000117a0000 	/System/Library/PrivateFrameworks/CommonAuth.framework/Versions/A/CommonAuth
0x00000000117a0000 	/System/Library/Frameworks/OpenDirectory.framework/Versions/A/Frameworks/CFOpenDirectory.framework/Versions/A/CFOpenDirectory
0x00000000117a0000 	/System/Library/Frameworks/SecurityFoundation.framework/Versions/A/SecurityFoundation
0x00000000117a0000 	/System/Library/PrivateFrameworks/APFS.framework/Versions/A/APFS
0x00000000117a0000 	/usr/lib/libutil.dylib
0x00000000117a0000 	/System/Library/PrivateFrameworks/AppleSauce.framework/Versions/A/AppleSauce
0x00000000117a0000 	/System/Library/PrivateFrameworks/LinguisticData.framework/Versions/A/LinguisticData
0x00000000117a0000 	/usr/lib/libmarisa.dylib
0x00000000117a0000 	/System/Library/PrivateFrameworks/Lexicon.framework/Versions/A/Lexicon
0x00000000117a0000 	/usr/lib/libChineseTokenizer.dylib
0x00000000117a0000 	/usr/lib/libcmph.dylib
0x00000000117a0000 	/System/Library/PrivateFrameworks/LanguageModeling.framework/Versions/A/LanguageModeling
0x00000000117a0000 	/System/Library/PrivateFrameworks/CoreEmoji.framework/Versions/A/CoreEmoji
0x00000000117a0000 	/System/Library/Frameworks/ServiceManagement.framework/Versions/A/ServiceManagement
0x00000000117a0000 	/System/Library/PrivateFrameworks/BackgroundTaskManagement.framework/Versions/A/BackgroundTaskManagement
0x00000000117a0000 	/usr/lib/libxslt.1.dylib
0x00000000117a0000 	/System/Library/Frameworks/Carbon.framework/Versions/A/Frameworks/Ink.framework/Versions/A/Ink
0x00000000117a0000 	/System/Library/PrivateFrameworks/TextureIO.framework/Versions/A/TextureIO
0x00000000117a0000 	/usr/lib/libate.dylib
0x00000000117a0000 	/System/Library/PrivateFrameworks/CrashReporterSupport.framework/Versions/A/CrashReporterSupport
0x00000000117a0000 	/System/Library/PrivateFrameworks/Sharing.framework/Versions/A/Sharing
0x00000000117a0000 	/System/Library/PrivateFrameworks/IconServices.framework/Versions/A/IconServices
0x00000000117a0000 	/System/Library/PrivateFrameworks/Apple80211.framework/Versions/A/Apple80211
0x00000000117a0000 	/System/Library/PrivateFrameworks/CoreUtils.framework/Versions/A/CoreUtils
0x00000000117a0000 	/System/Library/Frameworks/CoreWLAN.framework/Versions/A/CoreWLAN
0x00000000117a0000 	/System/Library/Frameworks/IOBluetooth.framework/Versions/A/IOBluetooth
0x00000000117a0000 	/System/Library/PrivateFrameworks/ProtocolBuffer.framework/Versions/A/ProtocolBuffer
0x00000000117a0000 	/System/Library/PrivateFrameworks/CoreWiFi.framework/Versions/A/CoreWiFi
0x00000000117a0000 	/System/Library/Frameworks/CoreBluetooth.framework/Versions/A/CoreBluetooth
0x00000000117a0000 	/System/Library/PrivateFrameworks/DebugSymbols.framework/Versions/A/DebugSymbols
0x00000000117a0000 	/System/Library/PrivateFrameworks/CoreSymbolication.framework/Versions/A/CoreSymbolication
0x00000000117a0000 	/System/Library/PrivateFrameworks/Symbolication.framework/Versions/A/Symbolication
0x00000000117a0000 	/System/Library/PrivateFrameworks/AppleFSCompression.framework/Versions/A/AppleFSCompression
0x00000000117a0000 	/System/Library/PrivateFrameworks/SpeechRecognitionCore.framework/Versions/A/SpeechRecognitionCore
0x00000000117a0000 	/System/Library/CoreServices/Encodings/libJapaneseConverter.dylib
0x0000000105e00000 	/Library/Java/JavaVirtualMachines/jdk1.8.0_161.jdk/Contents/Home/jre/lib/server/libjvm.dylib
0x00000000117a0000 	/usr/lib/libstdc++.6.0.9.dylib
0x000000010540d000 	/Library/Java/JavaVirtualMachines/jdk1.8.0_161.jdk/Contents/Home/jre/lib/libverify.dylib
0x000000010541b000 	/Library/Java/JavaVirtualMachines/jdk1.8.0_161.jdk/Contents/Home/jre/lib/libjava.dylib
0x000000010549b000 	/Library/Java/JavaVirtualMachines/jdk1.8.0_161.jdk/Contents/Home/jre/lib/libzip.dylib
0x0000000113aba000 	/Library/Java/JavaVirtualMachines/jdk1.8.0_161.jdk/Contents/Home/jre/lib/libawt.dylib
0x0000000113b64000 	/Library/Java/JavaVirtualMachines/jdk1.8.0_161.jdk/Contents/Home/jre/lib/./libmlib_image.dylib
0x00000000117a0000 	/System/Library/Frameworks/JavaVM.framework/Versions/A/Frameworks/JavaNativeFoundation.framework/Versions/A/JavaNativeFoundation
0x00000000117a0000 	/System/Library/Frameworks/JavaVM.framework/Versions/A/Frameworks/JavaRuntimeSupport.framework/Versions/A/JavaRuntimeSupport
0x00000000117a0000 	/System/Library/Frameworks/JavaVM.framework/Versions/A/JavaVM
0x00000000117a0000 	/System/Library/PrivateFrameworks/JavaLaunching.framework/Versions/A/JavaLaunching
0x00000000117a0000 	/System/Library/Frameworks/Carbon.framework/Versions/A/Carbon
0x00000000117a0000 	/System/Library/Frameworks/Carbon.framework/Versions/A/Frameworks/CommonPanels.framework/Versions/A/CommonPanels
0x00000000117a0000 	/System/Library/Frameworks/Carbon.framework/Versions/A/Frameworks/Help.framework/Versions/A/Help
0x00000000117a0000 	/System/Library/Frameworks/Carbon.framework/Versions/A/Frameworks/ImageCapture.framework/Versions/A/ImageCapture
0x00000000117a0000 	/System/Library/Frameworks/Carbon.framework/Versions/A/Frameworks/OpenScripting.framework/Versions/A/OpenScripting
0x00000000117a0000 	/System/Library/Frameworks/Carbon.framework/Versions/A/Frameworks/Print.framework/Versions/A/Print
0x00000000117a0000 	/System/Library/Frameworks/Carbon.framework/Versions/A/Frameworks/SecurityHI.framework/Versions/A/SecurityHI
0x0000000113c30000 	/Library/Java/JavaVirtualMachines/jdk1.8.0_161.jdk/Contents/Home/jre/lib/libawt_lwawt.dylib
0x0000000113cea000 	/Library/Java/JavaVirtualMachines/jdk1.8.0_161.jdk/Contents/Home/jre/lib/./libosxapp.dylib
0x00000000117a0000 	/System/Library/Frameworks/ExceptionHandling.framework/Versions/A/ExceptionHandling
0x00000000117a0000 	/System/Library/PrivateFrameworks/CoreServicesInternal.framework/Versions/A/CoreServicesInternal
0x00000000117a0000 	/System/Library/CoreServices/RawCamera.bundle/Contents/MacOS/RawCamera
0x00000000117a0000 	/System/Library/PrivateFrameworks/MobileAsset.framework/Versions/A/MobileAsset
0x00000000117a0000 	/System/Library/PrivateFrameworks/StreamingZip.framework/Versions/A/StreamingZip
0x00000000117a0000 	/System/Library/Frameworks/MediaToolbox.framework/Versions/A/MediaToolbox
0x00000000117a0000 	/System/Library/PrivateFrameworks/CoreAVCHD.framework/Versions/A/CoreAVCHD
0x00000000117a0000 	/System/Library/Frameworks/MediaAccessibility.framework/Versions/A/MediaAccessibility
0x00000000117a0000 	/System/Library/PrivateFrameworks/Mangrove.framework/Versions/A/Mangrove
0x00000000117a0000 	/System/Library/Frameworks/CoreMedia.framework/Versions/A/CoreMedia
0x00000000117a0000 	/System/Library/Frameworks/VideoToolbox.framework/Versions/A/VideoToolbox
0x00000000117a0000 	/System/Library/PrivateFrameworks/CoreAUC.framework/Versions/A/CoreAUC
0x00000000117a0000 	/usr/lib/libspindump.dylib
0x00000000117a0000 	/System/Library/PrivateFrameworks/AppleVA.framework/Versions/A/AppleVA
0x00000000117a0000 	/System/Library/Frameworks/Accelerate.framework/Versions/A/Frameworks/vImage.framework/Versions/A/Libraries/libCGInterfaces.dylib
0x00000000117a0000 	/System/Library/Frameworks/ApplicationServices.framework/Versions/A/Frameworks/ATS.framework/Versions/A/Resources/libTrueTypeScaler.dylib
0x00000000117a0000 	/System/Library/Extensions/AppleIntelHD5000GraphicsMTLDriver.bundle/Contents/MacOS/AppleIntelHD5000GraphicsMTLDriver
0x00000000117a0000 	/System/Library/PrivateFrameworks/GPUCompiler.framework/Versions/3802/Libraries/libmetal_timestamp.dylib
0x00000000117a0000 	/System/Library/PrivateFrameworks/FamilyControls.framework/Versions/A/FamilyControls
0x00000000117a0000 	/System/Library/PrivateFrameworks/CommerceKit.framework/Versions/A/Frameworks/CommerceCore.framework/Versions/A/CommerceCore
0x00000000117a0000 	/System/Library/PrivateFrameworks/SystemAdministration.framework/Versions/A/SystemAdministration
0x00000000117a0000 	/System/Library/PrivateFrameworks/AppContainer.framework/Versions/A/AppContainer
0x00000000117a0000 	/System/Library/PrivateFrameworks/SecCodeWrapper.framework/Versions/A/SecCodeWrapper
0x00000000117a0000 	/System/Library/PrivateFrameworks/DiskManagement.framework/Versions/A/DiskManagement
0x00000000117a0000 	/System/Library/Frameworks/DirectoryService.framework/Versions/A/DirectoryService
0x00000000117a0000 	/System/Library/PrivateFrameworks/DiskImages.framework/Versions/A/DiskImages
0x00000000117a0000 	/System/Library/PrivateFrameworks/LoginUIKit.framework/Versions/A/Frameworks/LoginUICore.framework/Versions/A/LoginUICore
0x00000000117a0000 	/usr/lib/libCoreStorage.dylib
0x00000000117a0000 	/usr/lib/libcsfde.dylib
0x00000000117a0000 	/usr/lib/libodfde.dylib
0x00000000117a0000 	/System/Library/PrivateFrameworks/MediaKit.framework/Versions/A/MediaKit
0x00000000117a0000 	/System/Library/Frameworks/DiscRecording.framework/Versions/A/DiscRecording
0x00000000117a0000 	/System/Library/PrivateFrameworks/EFILogin.framework/Versions/A/EFILogin
0x00000000117a0000 	/System/Library/PrivateFrameworks/ProtectedCloudStorage.framework/Versions/A/ProtectedCloudStorage
0x00000000117a0000 	/usr/lib/libcurl.4.dylib
0x00000000117a0000 	/usr/lib/libcrypto.35.dylib
0x00000000117a0000 	/usr/lib/libssl.35.dylib
0x00000000117a0000 	/System/Library/Frameworks/LDAP.framework/Versions/A/LDAP
0x00000000117a0000 	/System/Library/PrivateFrameworks/TrustEvaluationAgent.framework/Versions/A/TrustEvaluationAgent
0x00000000117a0000 	/usr/lib/libsasl2.2.dylib
0x00000000117a0000 	/System/Library/PrivateFrameworks/CoreDaemon.framework/Versions/B/CoreDaemon
0x00000000117a0000 	/System/Library/PrivateFrameworks/AppleSRP.framework/Versions/A/AppleSRP
0x0000000124ef2000 	/Library/Java/JavaVirtualMachines/jdk1.8.0_161.jdk/Contents/Home/jre/lib/libfontmanager.dylib
0x0000000114d04000 	/Library/Java/JavaVirtualMachines/jdk1.8.0_161.jdk/Contents/Home/jre/lib/libosxui.dylib
0x00000000117a0000 	/System/Library/Frameworks/OpenGL.framework/Versions/A/Resources/GLEngine.bundle/GLEngine
0x00000000117a0000 	/System/Library/Frameworks/OpenGL.framework/Versions/A/Libraries/libGLProgrammability.dylib
0x0000000125b0c000 	/System/Library/Extensions/AppleIntelHD5000GraphicsGLDriver.bundle/Contents/MacOS/AppleIntelHD5000GraphicsGLDriver
0x00000000117a0000 	/System/Library/PrivateFrameworks/GPUSupport.framework/Versions/A/Libraries/libGPUSupportMercury.dylib
0x00000000117a0000 	/System/Library/Frameworks/OpenGL.framework/Versions/A/Resources/GLRendererFloat.bundle/GLRendererFloat
0x00000000117a0000 	/System/Library/Frameworks/OpenCL.framework/Versions/A/Libraries/libcldcpuengine.dylib
0x0000000128aba000 	/Library/Java/JavaVirtualMachines/jdk1.8.0_161.jdk/Contents/Home/jre/lib/libnet.dylib
0x0000000128ad1000 	/Library/Java/JavaVirtualMachines/jdk1.8.0_161.jdk/Contents/Home/jre/lib/libnio.dylib
0x00000000117a0000 	/System/Library/PrivateFrameworks/ViewBridge.framework/Versions/A/ViewBridge
0x00000000117a0000 	/System/Library/PrivateFrameworks/Shortcut.framework/Versions/A/Shortcut
0x00000000117a0000 	/System/Library/PrivateFrameworks/HelpData.framework/Versions/A/HelpData
0x00000000117a0000 	/System/Library/PrivateFrameworks/login.framework/Versions/A/login
0x00000000117a0000 	/System/Library/PrivateFrameworks/CloudDocs.framework/Versions/A/CloudDocs
0x00000000117a0000 	/System/Library/PrivateFrameworks/FileProvider.framework/Versions/A/FileProvider
0x00000000117a0000 	/System/Library/PrivateFrameworks/SpotlightIndex.framework/Versions/A/SpotlightIndex
0x00000000117a0000 	/System/Library/PrivateFrameworks/SymptomDiagnosticReporter.framework/Versions/A/SymptomDiagnosticReporter
0x00000000117a0000 	/System/Library/PrivateFrameworks/GenerationalStorage.framework/Versions/A/GenerationalStorage
0x00000000117a0000 	/System/Library/PrivateFrameworks/ChunkingLibrary.framework/Versions/A/ChunkingLibrary
0x00000000117a0000 	/System/Library/PrivateFrameworks/CoreNLP.framework/Versions/A/CoreNLP
0x00000000117a0000 	/usr/lib/libmecab.1.0.0.dylib
0x00000000117a0000 	/usr/lib/libgermantok.dylib
0x00000000117a0000 	/usr/lib/libThaiTokenizer.dylib

VM Arguments:
jvm_args: -Dfile.encoding=UTF-8 
java_command: bootstrap.Laboratory2017Server
java_class_path (initial): /Users/niwatakumi/Documents/tajimalab_the_laboratory/original_programs/TheLaboratoryServer2018t/build/classes
Launcher Type: SUN_STANDARD

Environment Variables:
PATH=/usr/bin:/bin:/usr/sbin:/sbin
LD_LIBRARY_PATH=/Library/Java/JavaVirtualMachines/jdk1.8.0_161.jdk/Contents/Home/jre/lib/amd64:/Library/Java/JavaVirtualMachines/jdk1.8.0_161.jdk/Contents/Home/jre/lib/i386:
SHELL=/bin/bash
DISPLAY=/private/tmp/com.apple.launchd.VGPQoxkCi4/org.macosforge.xquartz:0

Signal Handlers:
SIGSEGV: [libjvm.dylib+0x5b5439], sa_mask[0]=11111111011111110111111111111111, sa_flags=SA_ONSTACK|SA_RESTART|SA_SIGINFO
SIGBUS: [libjvm.dylib+0x5b5439], sa_mask[0]=11111111011111110111111111111111, sa_flags=SA_RESTART|SA_SIGINFO
SIGFPE: [libjvm.dylib+0x48ae24], sa_mask[0]=11111111011111110111111111111111, sa_flags=SA_RESTART|SA_SIGINFO
SIGPIPE: [libjvm.dylib+0x48ae24], sa_mask[0]=11111111011111110111111111111111, sa_flags=SA_RESTART|SA_SIGINFO
SIGXFSZ: [libjvm.dylib+0x48ae24], sa_mask[0]=11111111011111110111111111111111, sa_flags=SA_RESTART|SA_SIGINFO
SIGILL: [libjvm.dylib+0x48ae24], sa_mask[0]=11111111011111110111111111111111, sa_flags=SA_RESTART|SA_SIGINFO
SIGUSR1: SIG_DFL, sa_mask[0]=00000000000000000000000000000000, sa_flags=none
SIGUSR2: [libjvm.dylib+0x48a942], sa_mask[0]=00100000000000000000000000000000, sa_flags=SA_RESTART|SA_SIGINFO
SIGHUP: [libjvm.dylib+0x488f0d], sa_mask[0]=11111111011111110111111111111111, sa_flags=SA_RESTART|SA_SIGINFO
SIGINT: SIG_IGN, sa_mask[0]=00000000000000000000000000000000, sa_flags=none
SIGTERM: [libjvm.dylib+0x488f0d], sa_mask[0]=11111111011111110111111111111111, sa_flags=SA_RESTART|SA_SIGINFO
SIGQUIT: [libjvm.dylib+0x488f0d], sa_mask[0]=11111111011111110111111111111111, sa_flags=SA_RESTART|SA_SIGINFO


---------------  S Y S T E M  ---------------

OS:Bsduname:Darwin 17.6.0 Darwin Kernel Version 17.6.0: Tue May  8 15:22:16 PDT 2018; root:xnu-4570.61.1~1/RELEASE_X86_64 x86_64
rlimit: STACK 8192k, CORE 0k, NPROC 1418, NOFILE 10240, AS infinity
load average:3.92 3.08 2.64

CPU:total 4 (initial active 4) (2 cores per cpu, 2 threads per core) family 6 model 69 stepping 1, cmov, cx8, fxsr, mmx, sse, sse2, sse3, ssse3, sse4.1, sse4.2, popcnt, avx, avx2, aes, clmul, erms, lzcnt, ht, tsc, tscinvbit, bmi1, bmi2

Memory: 4k page, physical 16777216k(191152k free)

/proc/meminfo:


vm_info: Java HotSpot(TM) 64-Bit Server VM (25.161-b12) for bsd-amd64 JRE (1.8.0_161-b12), built on Dec 19 2017 16:22:20 by "java_re" with gcc 4.2.1 (Based on Apple Inc. build 5658) (LLVM build 2336.11.00)

time: Fri Jun 29 14:31:08 2018
elapsed time: 4391 seconds (0d 1h 13m 11s)

